<?xml version="1.0" encoding="UTF-8"?>
<!-- Generated by org.testng.reporters.JUnitReportReporter -->
<testsuite skipped="0" hostname="LAPTOP-HC7TTO3K" name="com.tests.locators.TestLocatorName" tests="1" failures="0" timestamp="2021-12-04T13:04:22 IST" time="20.940" errors="0">
  <testcase name="TestLocatorNamemethod" time="20.940" classname="com.tests.locators.TestLocatorName"/>
  <system-out/>
</testsuite> <!-- com.tests.locators.TestLocatorName -->
