<?xml version="1.0" encoding="UTF-8"?>
<!-- Generated by org.testng.reporters.JUnitReportReporter -->
<testsuite skipped="0" hostname="LAPTOP-HC7TTO3K" name="com.tests.locators.TestLocatorID" tests="1" failures="0" timestamp="2021-12-04T13:04:22 IST" time="12.538" errors="0">
  <testcase name="TestLocators" time="12.538" classname="com.tests.locators.TestLocatorID"/>
  <system-out/>
</testsuite> <!-- com.tests.locators.TestLocatorID -->
