<?xml version="1.0" encoding="UTF-8"?>
<!-- Generated by org.testng.reporters.JUnitReportReporter -->
<testsuite skipped="0" hostname="LAPTOP-HC7TTO3K" name="com.orangeHRM.Tests.HomePageTest" tests="1" failures="0" timestamp="2021-12-09T21:39:14 IST" time="19.404" errors="0">
  <testcase name="VerifyclickonMyinfo" time="19.404" classname="com.orangeHRM.Tests.HomePageTest"/>
  <system-out/>
</testsuite> <!-- com.orangeHRM.Tests.HomePageTest -->
