<?xml version="1.0" encoding="UTF-8"?>
<!-- Generated by org.testng.reporters.JUnitReportReporter -->
<testsuite skipped="0" hostname="LAPTOP-HC7TTO3K" name="com.orangeHRM.Tests.PersonalDetailsTest" tests="2" failures="0" timestamp="2021-12-09T21:50:02 IST" time="38.332" errors="0">
  <testcase name="verifyeditbtn" time="16.901" classname="com.orangeHRM.Tests.PersonalDetailsTest"/>
  <system-out/>
  <testcase name="verifybtnsave" time="21.431" classname="com.orangeHRM.Tests.PersonalDetailsTest"/>
  <system-out/>
</testsuite> <!-- com.orangeHRM.Tests.PersonalDetailsTest -->
