<?xml version="1.0" encoding="UTF-8"?>
<!-- Generated by org.testng.reporters.JUnitReportReporter -->
<testsuite skipped="0" hostname="LAPTOP-HC7TTO3K" name="com.orangeHRM.Tests.LoginTest" tests="1" failures="0" timestamp="2021-12-07T22:37:56 IST" time="23.186" errors="0">
  <testcase name="VerifyLogin" time="23.186" classname="com.orangeHRM.Tests.LoginTest"/>
  <system-out/>
</testsuite> <!-- com.orangeHRM.Tests.LoginTest -->
